<?xml version="1.0" encoding="UTF-8"?>
<!-- Generated by org.testng.reporters.JUnitReportReporter -->
<testsuite skipped="0" hostname="DESKTOP-K4D3NHR" name="test.LoginTest" tests="1" failures="0" timestamp="2021-07-01T08:12:31 CDT" time="7.038" errors="0">
  <testcase name="validpasswordUserShouldBeAbleToLogin" time="7.038" classname="test.LoginTest"/>
  <system-out/>
</testsuite> <!-- test.LoginTest -->
